[18/Apr/2017:16:59:28] ENGINE Listening for SIGHUP.
[18/Apr/2017:16:59:28] ENGINE Listening for SIGTERM.
[18/Apr/2017:16:59:28] ENGINE Listening for SIGUSR1.
[18/Apr/2017:16:59:28] ENGINE Bus STARTING
[18/Apr/2017:16:59:28] ENGINE Started monitor thread '_TimeoutMonitor'.
[18/Apr/2017:16:59:28] ENGINE Started monitor thread 'Autoreloader'.
[18/Apr/2017:16:59:28] ENGINE Serving on http://0.0.0.0
[18/Apr/2017:16:59:28] ENGINE Bus STARTED
[18/Apr/2017:16:59:40] ENGINE Keyboard Interrupt: shutting down bus
[18/Apr/2017:16:59:40] ENGINE Bus STOPPING
[18/Apr/2017:16:59:40] ENGINE HTTP Server cherrypy._cpwsgi_server.CPWSGIServer(('0.0.0.0', 80)) shut down
[18/Apr/2017:16:59:40] ENGINE Stopped thread '_TimeoutMonitor'.
[18/Apr/2017:16:59:40] ENGINE Stopped thread 'Autoreloader'.
[18/Apr/2017:16:59:40] ENGINE Bus STOPPED
[18/Apr/2017:16:59:40] ENGINE Bus EXITING
[18/Apr/2017:16:59:40] ENGINE Bus EXITED
[18/Apr/2017:16:59:40] ENGINE Waiting for child threads to terminate...
[18/Apr/2017:17:00:06] ENGINE Listening for SIGHUP.
[18/Apr/2017:17:00:06] ENGINE Listening for SIGTERM.
[18/Apr/2017:17:00:06] ENGINE Listening for SIGUSR1.
[18/Apr/2017:17:00:06] ENGINE Bus STARTING
[18/Apr/2017:17:00:06] ENGINE Started monitor thread '_TimeoutMonitor'.
[18/Apr/2017:17:00:06] ENGINE Started monitor thread 'Autoreloader'.
[18/Apr/2017:17:00:06] ENGINE Serving on http://0.0.0.0
[18/Apr/2017:17:00:06] ENGINE Bus STARTED
[18/Apr/2017:17:00:08]  storage_type is deprecated. Supply storage_class instead
[18/Apr/2017:17:00:08] ENGINE Started monitor thread 'Session cleanup'.
[18/Apr/2017:17:00:12] ENGINE Keyboard Interrupt: shutting down bus
[18/Apr/2017:17:00:12] ENGINE Bus STOPPING
[18/Apr/2017:17:00:17] ENGINE HTTP Server cherrypy._cpwsgi_server.CPWSGIServer(('0.0.0.0', 80)) shut down
[18/Apr/2017:17:00:17] ENGINE Stopped thread '_TimeoutMonitor'.
[18/Apr/2017:17:00:17] ENGINE Stopped thread 'Autoreloader'.
[18/Apr/2017:17:00:17] ENGINE Stopped thread 'Session cleanup'.
[18/Apr/2017:17:00:17] ENGINE Bus STOPPED
[18/Apr/2017:17:00:17] ENGINE Bus EXITING
[18/Apr/2017:17:00:17] ENGINE Bus EXITED
[18/Apr/2017:17:00:17] ENGINE Waiting for child threads to terminate...
